-------------------------------------------------------------------------------
Test set: shellchain.command.AddressCommandTest
-------------------------------------------------------------------------------
Tests run: 1, Failures: 0, Errors: 1, Skipped: 0, Time elapsed: 0.001 s <<< FAILURE! - in shellchain.command.AddressCommandTest
testcreateKeyPairs(shellchain.command.AddressCommandTest)  Time elapsed: 0 s  <<< ERROR!
java.lang.IllegalArgumentException: Username may not be null
	at shellchain.command.AddressCommandTest.testcreateKeyPairs(AddressCommandTest.java:22)

